<?xml version="1.0" encoding="UTF-8"?>
<!-- Generated by org.testng.reporters.JUnitReportReporter -->
<testsuite hostname="US1256097W1" failures="0" tests="1" name="files.StaticJson" time="2.752" errors="0" timestamp="2020-03-13T11:01:07 EDT" skipped="0">
  <testcase classname="files.StaticJson" name="addBook" time="2.752"/>
  <system-out/>
</testsuite> <!-- files.StaticJson -->
