<?xml version="1.0" encoding="UTF-8"?>
<!-- Generated by org.testng.reporters.JUnitReportReporter -->
<testsuite hostname="US1256097W1" failures="0" tests="1" name="SumValidation" time="1.523" errors="0" timestamp="2020-03-11T19:40:52 EDT" skipped="0">
  <testcase classname="SumValidation" name="sumOfCourses" time="1.523"/>
  <system-out/>
</testsuite> <!-- SumValidation -->
